\BOOKMARK [1][-]{section.1}{\376\377\000P\000h\000y\000s\000i\000c\000a\000l\000\040\000s\000e\000t\000u\000p}{}% 1
\BOOKMARK [2][-]{subsection.1.1}{\376\377\000H\000a\000m\000i\000l\000t\000o\000n\000i\000a\000n\000\040\000a\000n\000d\000\040\000t\000h\000e\000\040\000s\000u\000p\000e\000r\000c\000o\000n\000d\000u\000c\000t\000i\000n\000g\000\040\000p\000h\000a\000s\000e}{section.1}% 2
\BOOKMARK [2][-]{subsection.1.2}{\376\377\000J\000o\000s\000e\000p\000h\000s\000o\000n\000\040\000r\000e\000l\000a\000t\000i\000o\000n\000\040\000a\000n\000d\000\040\000t\000h\000e\000\040\000t\000w\000o\000\040\000b\000i\000a\000s\000\040\000p\000r\000o\000t\000o\000c\000o\000l\000s}{section.1}% 3
\BOOKMARK [1][-]{section.2}{\376\377\000N\000o\000n\000e\000q\000u\000i\000l\000i\000b\000r\000i\000u\000m\000\040\000G\000r\000e\000e\000n\000'\000s\000\040\000f\000u\000n\000c\000t\000i\000o\000n\000s\000\040\000i\000n\000\040\000N\000a\000m\000b\000u\000\040\000s\000p\000a\000c\000e}{}% 4
\BOOKMARK [2][-]{subsection.2.1}{\376\377\000S\000u\000r\000f\000a\000c\000e\000\040\000G\000r\000e\000e\000n\000'\000s\000\040\000f\000u\000n\000c\000t\000i\000o\000n\000\040\000o\000f\000\040\000a\000\040\000r\000e\000s\000e\000r\000v\000o\000i\000r}{section.2}% 5
\BOOKMARK [2][-]{subsection.2.2}{\376\377\000F\000l\000o\000q\000u\000e\000t\000\040\000r\000e\000p\000r\000e\000s\000e\000n\000t\000a\000t\000i\000o\000n}{section.2}% 6
\BOOKMARK [2][-]{subsection.2.3}{\376\377\000H\000o\000p\000p\000i\000n\000g\000\040\000s\000e\000l\000f\000-\000e\000n\000e\000r\000g\000y\000\040\000i\000n\000\040\000F\000l\000o\000q\000u\000e\000t\000\040\000s\000p\000a\000c\000e}{section.2}% 7
\BOOKMARK [1][-]{section.3}{\376\377\000D\000y\000s\000o\000n\000,\000\040\000K\000e\000l\000d\000y\000s\000h\000\040\000a\000n\000d\000\040\000c\000u\000r\000r\000e\000n\000t\000\040\000e\000q\000u\000a\000t\000i\000o\000n\000s}{}% 8
\BOOKMARK [2][-]{subsection.3.1}{\376\377\000D\000y\000s\000o\000n\000\040\000e\000q\000u\000a\000t\000i\000o\000n\000\040\000\050\000r\000e\000t\000a\000r\000d\000e\000d\000\040\000/\000\040\000a\000d\000v\000a\000n\000c\000e\000d\000\051}{section.3}% 9
\BOOKMARK [2][-]{subsection.3.2}{\376\377\000L\000e\000s\000s\000e\000r\000\040\000s\000e\000l\000f\000-\000e\000n\000e\000r\000g\000y}{section.3}% 10
\BOOKMARK [2][-]{subsection.3.3}{\376\377\000K\000e\000l\000d\000y\000s\000h\000\040\000e\000q\000u\000a\000t\000i\000o\000n\000\040\000\050\000l\000e\000s\000s\000e\000r\000\040\000G\000r\000e\000e\000n\000'\000s\000\040\000f\000u\000n\000c\000t\000i\000o\000n\000\051}{section.3}% 11
\BOOKMARK [2][-]{subsection.3.4}{\376\377\000C\000u\000r\000r\000e\000n\000t\000\040\000f\000o\000r\000m\000u\000l\000a}{section.3}% 12
\BOOKMARK [1][-]{section.4}{\376\377\000V\000o\000l\000t\000a\000g\000e\000-\000b\000i\000a\000s\000\040\000s\000o\000l\000u\000t\000i\000o\000n}{}% 13
\BOOKMARK [1][-]{section.5}{\376\377\000C\000u\000r\000r\000e\000n\000t\000-\000b\000i\000a\000s\000\040\000s\000e\000l\000f\000-\000c\000o\000n\000s\000i\000s\000t\000e\000n\000c\000y}{}% 14
\BOOKMARK [2][-]{subsection.5.1}{\376\377\000N\000u\000m\000e\000r\000i\000c\000a\000l\000\040\000s\000o\000l\000u\000t\000i\000o\000n}{section.5}% 15
\BOOKMARK [1][-]{section.6}{\376\377\000E\000x\000p\000l\000i\000c\000i\000t\000\040\000F\000l\000o\000q\000u\000e\000t\000-\000c\000o\000m\000p\000o\000n\000e\000n\000t\000\040\000f\000o\000r\000m\000\040\000o\000f\000\040\000t\000h\000e\000\040\000e\000q\000u\000a\000t\000i\000o\000n\000s}{}% 16
\BOOKMARK [2][-]{subsection.6.1}{\376\377\000T\000h\000e\000\040\000u\000n\000k\000n\000o\000w\000n\000\040\000v\000e\000c\000t\000o\000r}{section.6}% 17
\BOOKMARK [2][-]{subsection.6.2}{\376\377\000C\000u\000r\000r\000e\000n\000t\000\040\000i\000n\000\040\000F\000l\000o\000q\000u\000e\000t\000\040\000c\000o\000m\000p\000o\000n\000e\000n\000t\000s}{section.6}% 18
\BOOKMARK [2][-]{subsection.6.3}{\376\377\000T\000h\000e\000\040\000r\000e\000s\000i\000d\000u\000a\000l\000\040\000e\000q\000u\000a\000t\000i\000o\000n\000s\000\040\000F\000\050\000x\000\051}{section.6}% 19
\BOOKMARK [1][-]{section.7}{\376\377\000N\000e\000w\000t\000o\000n\000\040\000s\000o\000l\000u\000t\000i\000o\000n\000\040\000a\000n\000d\000\040\000t\000h\000e\000\040\000a\000n\000a\000l\000y\000t\000i\000c\000\040\000J\000a\000c\000o\000b\000i\000a\000n}{}% 20
\BOOKMARK [2][-]{subsection.7.1}{\376\377\000T\000h\000e\000\040\000s\000o\000l\000v\000e\000r}{section.7}% 21
\BOOKMARK [2][-]{subsection.7.2}{\376\377\000J\000a\000c\000o\000b\000i\000a\000n\000\040\000o\000f\000\040\000t\000h\000e\000\040\000a\000l\000g\000e\000b\000r\000a\000i\000c\000\040\000c\000o\000n\000s\000t\000r\000a\000i\000n\000t\000s}{section.7}% 22
\BOOKMARK [2][-]{subsection.7.3}{\376\377\000J\000a\000c\000o\000b\000i\000a\000n\000\040\000o\000f\000\040\000t\000h\000e\000\040\000c\000u\000r\000r\000e\000n\000t\000\040\000r\000o\000w\000s}{section.7}% 23
\BOOKMARK [2][-]{subsection.7.4}{\376\377\000P\000e\000r\000t\000u\000r\000b\000a\000t\000i\000v\000e\000\040\000J\000a\000c\000o\000b\000i\000a\000n\000s}{section.7}% 24
\BOOKMARK [1][-]{section.8}{\376\377\000P\000e\000r\000t\000u\000r\000b\000a\000t\000i\000v\000e\000\040\000\050\000t\000r\000a\000n\000s\000p\000a\000r\000e\000n\000c\000y\000\051\000\040\000e\000x\000p\000a\000n\000s\000i\000o\000n}{}% 25
\BOOKMARK [1][-]{section.9}{\376\377\000O\000b\000s\000e\000r\000v\000a\000b\000l\000e\000s\000\040\000a\000n\000d\000\040\000t\000h\000e\000\040\000s\000u\000b\000h\000a\000r\000m\000o\000n\000i\000c\000\040\000g\000a\000p\000\040\000s\000t\000r\000u\000c\000t\000u\000r\000e}{}% 26
\BOOKMARK [1][-]{section.10}{\376\377\000E\000x\000t\000e\000n\000s\000i\000o\000n\000\040\000t\000o\000\040\000t\000h\000e\000\040\0004\000x\0004\000\040\000N\000a\000m\000b\000u\000x\000s\000p\000i\000n\000\040\000b\000a\000s\000i\000s\000:\000\040\000c\000l\000a\000s\000s\000i\000c\000a\000l\000-\000s\000p\000i\000n\000\040\000\050\000Y\000S\000R\000\051\000\040\000i\000m\000p\000u\000r\000i\000t\000i\000e\000s}{}% 27
\BOOKMARK [2][-]{subsection.10.1}{\376\377\000B\000a\000s\000i\000s\000\040\000a\000n\000d\000\040\000t\000h\000e\000\040\000s\000p\000i\000n\000-\000r\000e\000s\000o\000l\000v\000e\000d\000\040\000s\000u\000r\000f\000a\000c\000e\000\040\000G\000r\000e\000e\000n\000'\000s\000\040\000f\000u\000n\000c\000t\000i\000o\000n}{section.10}% 28
\BOOKMARK [2][-]{subsection.10.2}{\376\377\000C\000l\000a\000s\000s\000i\000c\000a\000l\000-\000s\000p\000i\000n\000\040\000i\000m\000p\000u\000r\000i\000t\000y\000\040\000a\000n\000d\000\040\000t\000h\000e\000\040\000d\000r\000e\000s\000s\000e\000d\000\040\000l\000e\000a\000d\000\040\000G\000r\000e\000e\000n\000'\000s\000\040\000f\000u\000n\000c\000t\000i\000o\000n}{section.10}% 29
\BOOKMARK [2][-]{subsection.10.3}{\376\377\000F\000l\000o\000q\000u\000e\000t\000\040\000/\000\040\000l\000e\000a\000d\000\040\000l\000a\000y\000o\000u\000t}{section.10}% 30
\BOOKMARK [2][-]{subsection.10.4}{\376\377\000H\000o\000p\000p\000i\000n\000g\000\040\000a\000n\000d\000\040\000c\000u\000r\000r\000e\000n\000t\000\040\000v\000e\000r\000t\000e\000x\000\040\000a\000r\000e\000\040\000s\000p\000i\000n\000-\000c\000o\000n\000s\000e\000r\000v\000i\000n\000g}{section.10}% 31
\BOOKMARK [2][-]{subsection.10.5}{\376\377\000D\000y\000s\000o\000n\000,\000\040\000K\000e\000l\000d\000y\000s\000h\000,\000\040\000a\000n\000d\000\040\000t\000h\000e\000\040\000c\000u\000r\000r\000e\000n\000t}{section.10}% 32
\BOOKMARK [2][-]{subsection.10.6}{\376\377\000S\000e\000l\000f\000-\000c\000o\000n\000s\000i\000s\000t\000e\000n\000c\000y\000\040\000a\000n\000d\000\040\000J\000a\000c\000o\000b\000i\000a\000n\000:\000\040\000w\000h\000a\000t\000\040\000c\000h\000a\000n\000g\000e\000s\000\040\000a\000n\000d\000\040\000w\000h\000a\000t\000\040\000d\000o\000e\000s\000\040\000n\000o\000t}{section.10}% 33
\BOOKMARK [2][-]{subsection.10.7}{\376\377\000R\000e\000d\000u\000c\000t\000i\000o\000n\000\040\000t\000o\000\040\000t\000h\000e\000\040\0002\000x\0002\000\040\000t\000h\000e\000o\000r\000y\000,\000\040\000a\000n\000d\000\040\000t\000h\000e\000\040\000d\000i\000o\000d\000e\000\040\000e\000f\000f\000e\000c\000t}{section.10}% 34
\BOOKMARK [2][-]{subsection.10.8}{\376\377\000C\000o\000r\000r\000e\000s\000p\000o\000n\000d\000e\000n\000c\000e\000\040\000t\000o\000\040\000t\000h\000e\000\040\000e\000x\000t\000e\000n\000d\000e\000d\000\040\000c\000o\000d\000e}{section.10}% 35
\BOOKMARK [1][-]{section.11}{\376\377\000C\000o\000r\000r\000e\000s\000p\000o\000n\000d\000e\000n\000c\000e\000\040\000t\000o\000\040\000t\000h\000e\000\040\000c\000o\000d\000e}{}% 36
